{"C:\\Users\\brnca\\Documents\\_dev\\calculator-project\\src\\App.tsx": {"path":"C:\\Users\\brnca\\Documents\\_dev\\calculator-project\\src\\App.tsx","all":false,"statementMap":{"0":{"start":{"line":1,"column":0},"end":{"line":1,"column":33}},"1":{"start":{"line":2,"column":0},"end":{"line":2,"column":19}},"3":{"start":{"line":4,"column":0},"end":{"line":4,"column":16}},"5":{"start":{"line":6,"column":0},"end":{"line":6,"column":70}},"6":{"start":{"line":7,"column":0},"end":{"line":7,"column":103}},"9":{"start":{"line":10,"column":0},"end":{"line":10,"column":42}},"10":{"start":{"line":11,"column":0},"end":{"line":11,"column":28}},"11":{"start":{"line":12,"column":0},"end":{"line":12,"column":4}},"14":{"start":{"line":15,"column":0},"end":{"line":15,"column":29}},"15":{"start":{"line":16,"column":0},"end":{"line":16,"column":17}},"16":{"start":{"line":17,"column":0},"end":{"line":17,"column":23}},"17":{"start":{"line":18,"column":0},"end":{"line":18,"column":4}},"20":{"start":{"line":21,"column":0},"end":{"line":21,"column":33}},"21":{"start":{"line":22,"column":0},"end":{"line":22,"column":9}},"23":{"start":{"line":24,"column":0},"end":{"line":24,"column":96}},"24":{"start":{"line":25,"column":0},"end":{"line":25,"column":21}},"25":{"start":{"line":26,"column":0},"end":{"line":26,"column":25}},"26":{"start":{"line":27,"column":0},"end":{"line":27,"column":27}},"27":{"start":{"line":28,"column":0},"end":{"line":28,"column":5}},"28":{"start":{"line":29,"column":0},"end":{"line":29,"column":4}},"30":{"start":{"line":31,"column":0},"end":{"line":31,"column":10}},"31":{"start":{"line":32,"column":0},"end":{"line":32,"column":57}},"32":{"start":{"line":33,"column":0},"end":{"line":33,"column":26}},"33":{"start":{"line":34,"column":0},"end":{"line":34,"column":31}},"34":{"start":{"line":35,"column":0},"end":{"line":35,"column":52}},"35":{"start":{"line":36,"column":0},"end":{"line":36,"column":78}},"36":{"start":{"line":37,"column":0},"end":{"line":37,"column":12}},"37":{"start":{"line":38,"column":0},"end":{"line":38,"column":31}},"38":{"start":{"line":39,"column":0},"end":{"line":39,"column":59}},"39":{"start":{"line":40,"column":0},"end":{"line":40,"column":59}},"40":{"start":{"line":41,"column":0},"end":{"line":41,"column":59}},"41":{"start":{"line":42,"column":0},"end":{"line":42,"column":59}},"42":{"start":{"line":43,"column":0},"end":{"line":43,"column":59}},"43":{"start":{"line":44,"column":0},"end":{"line":44,"column":59}},"44":{"start":{"line":45,"column":0},"end":{"line":45,"column":59}},"45":{"start":{"line":46,"column":0},"end":{"line":46,"column":59}},"46":{"start":{"line":47,"column":0},"end":{"line":47,"column":59}},"47":{"start":{"line":48,"column":0},"end":{"line":48,"column":59}},"48":{"start":{"line":49,"column":0},"end":{"line":49,"column":59}},"49":{"start":{"line":50,"column":0},"end":{"line":50,"column":59}},"50":{"start":{"line":51,"column":0},"end":{"line":51,"column":59}},"51":{"start":{"line":52,"column":0},"end":{"line":52,"column":59}},"52":{"start":{"line":53,"column":0},"end":{"line":53,"column":59}},"53":{"start":{"line":54,"column":0},"end":{"line":54,"column":48}},"54":{"start":{"line":55,"column":0},"end":{"line":55,"column":52}},"55":{"start":{"line":56,"column":0},"end":{"line":56,"column":12}},"56":{"start":{"line":57,"column":0},"end":{"line":57,"column":10}},"58":{"start":{"line":59,"column":0},"end":{"line":59,"column":1}},"60":{"start":{"line":61,"column":0},"end":{"line":61,"column":19}}},"s":{"0":1,"1":1,"3":1,"5":1,"6":1,"9":1,"10":0,"11":0,"14":1,"15":0,"16":0,"17":0,"20":1,"21":0,"23":0,"24":0,"25":0,"26":0,"27":0,"28":0,"30":1,"31":1,"32":1,"33":1,"34":1,"35":1,"36":1,"37":1,"38":1,"39":1,"40":1,"41":1,"42":1,"43":1,"44":1,"45":1,"46":1,"47":1,"48":1,"49":1,"50":1,"51":1,"52":1,"53":1,"54":1,"55":1,"56":1,"58":1,"60":1},"branchMap":{"0":{"type":"branch","line":4,"loc":{"start":{"line":4,"column":0},"end":{"line":59,"column":1}},"locations":[{"start":{"line":4,"column":0},"end":{"line":59,"column":1}}]},"1":{"type":"branch","line":36,"loc":{"start":{"line":36,"column":47},"end":{"line":36,"column":72}},"locations":[{"start":{"line":36,"column":47},"end":{"line":36,"column":72}}]}},"b":{"0":[1],"1":[0]},"fnMap":{"0":{"name":"App","decl":{"start":{"line":4,"column":0},"end":{"line":59,"column":1}},"loc":{"start":{"line":4,"column":0},"end":{"line":59,"column":1}},"line":4},"1":{"name":"handleClick","decl":{"start":{"line":10,"column":22},"end":{"line":12,"column":4}},"loc":{"start":{"line":10,"column":22},"end":{"line":12,"column":4}},"line":10},"2":{"name":"handleClear","decl":{"start":{"line":15,"column":22},"end":{"line":18,"column":4}},"loc":{"start":{"line":15,"column":22},"end":{"line":18,"column":4}},"line":15},"3":{"name":"handleCalculate","decl":{"start":{"line":21,"column":26},"end":{"line":29,"column":4}},"loc":{"start":{"line":21,"column":26},"end":{"line":29,"column":4}},"line":21},"4":{"name":"onClick","decl":{"start":{"line":39,"column":25},"end":{"line":39,"column":49}},"loc":{"start":{"line":39,"column":25},"end":{"line":39,"column":49}},"line":39},"5":{"name":"onClick","decl":{"start":{"line":40,"column":25},"end":{"line":40,"column":49}},"loc":{"start":{"line":40,"column":25},"end":{"line":40,"column":49}},"line":40},"6":{"name":"onClick","decl":{"start":{"line":41,"column":25},"end":{"line":41,"column":49}},"loc":{"start":{"line":41,"column":25},"end":{"line":41,"column":49}},"line":41},"7":{"name":"onClick","decl":{"start":{"line":42,"column":25},"end":{"line":42,"column":49}},"loc":{"start":{"line":42,"column":25},"end":{"line":42,"column":49}},"line":42},"8":{"name":"onClick","decl":{"start":{"line":43,"column":25},"end":{"line":43,"column":49}},"loc":{"start":{"line":43,"column":25},"end":{"line":43,"column":49}},"line":43},"9":{"name":"onClick","decl":{"start":{"line":44,"column":25},"end":{"line":44,"column":49}},"loc":{"start":{"line":44,"column":25},"end":{"line":44,"column":49}},"line":44},"10":{"name":"onClick","decl":{"start":{"line":45,"column":25},"end":{"line":45,"column":49}},"loc":{"start":{"line":45,"column":25},"end":{"line":45,"column":49}},"line":45},"11":{"name":"onClick","decl":{"start":{"line":46,"column":25},"end":{"line":46,"column":49}},"loc":{"start":{"line":46,"column":25},"end":{"line":46,"column":49}},"line":46},"12":{"name":"onClick","decl":{"start":{"line":47,"column":25},"end":{"line":47,"column":49}},"loc":{"start":{"line":47,"column":25},"end":{"line":47,"column":49}},"line":47},"13":{"name":"onClick","decl":{"start":{"line":48,"column":25},"end":{"line":48,"column":49}},"loc":{"start":{"line":48,"column":25},"end":{"line":48,"column":49}},"line":48},"14":{"name":"onClick","decl":{"start":{"line":49,"column":25},"end":{"line":49,"column":49}},"loc":{"start":{"line":49,"column":25},"end":{"line":49,"column":49}},"line":49},"15":{"name":"onClick","decl":{"start":{"line":50,"column":25},"end":{"line":50,"column":49}},"loc":{"start":{"line":50,"column":25},"end":{"line":50,"column":49}},"line":50},"16":{"name":"onClick","decl":{"start":{"line":51,"column":25},"end":{"line":51,"column":49}},"loc":{"start":{"line":51,"column":25},"end":{"line":51,"column":49}},"line":51},"17":{"name":"onClick","decl":{"start":{"line":52,"column":25},"end":{"line":52,"column":49}},"loc":{"start":{"line":52,"column":25},"end":{"line":52,"column":49}},"line":52},"18":{"name":"onClick","decl":{"start":{"line":53,"column":25},"end":{"line":53,"column":49}},"loc":{"start":{"line":53,"column":25},"end":{"line":53,"column":49}},"line":53}},"f":{"0":1,"1":0,"2":0,"3":0,"4":0,"5":0,"6":0,"7":0,"8":0,"9":0,"10":0,"11":0,"12":0,"13":0,"14":0,"15":0,"16":0,"17":0,"18":0}}
}
