{"C:\\Users\\brnca\\Documents\\_dev\\calculator-project\\src\\App.tsx": {"path":"C:\\Users\\brnca\\Documents\\_dev\\calculator-project\\src\\App.tsx","all":false,"statementMap":{"0":{"start":{"line":1,"column":0},"end":{"line":1,"column":33}},"1":{"start":{"line":2,"column":0},"end":{"line":2,"column":19}},"3":{"start":{"line":4,"column":0},"end":{"line":4,"column":16}},"5":{"start":{"line":6,"column":0},"end":{"line":6,"column":70}},"6":{"start":{"line":7,"column":0},"end":{"line":7,"column":103}},"9":{"start":{"line":10,"column":0},"end":{"line":10,"column":42}},"10":{"start":{"line":11,"column":0},"end":{"line":11,"column":28}},"11":{"start":{"line":12,"column":0},"end":{"line":12,"column":4}},"14":{"start":{"line":15,"column":0},"end":{"line":15,"column":29}},"15":{"start":{"line":16,"column":0},"end":{"line":16,"column":17}},"16":{"start":{"line":17,"column":0},"end":{"line":17,"column":23}},"17":{"start":{"line":18,"column":0},"end":{"line":18,"column":4}},"20":{"start":{"line":21,"column":0},"end":{"line":21,"column":33}},"21":{"start":{"line":22,"column":0},"end":{"line":22,"column":9}},"23":{"start":{"line":24,"column":0},"end":{"line":24,"column":96}},"24":{"start":{"line":25,"column":0},"end":{"line":25,"column":21}},"25":{"start":{"line":26,"column":0},"end":{"line":26,"column":25}},"26":{"start":{"line":27,"column":0},"end":{"line":27,"column":27}},"27":{"start":{"line":28,"column":0},"end":{"line":28,"column":5}},"28":{"start":{"line":29,"column":0},"end":{"line":29,"column":4}},"30":{"start":{"line":31,"column":0},"end":{"line":31,"column":10}},"31":{"start":{"line":32,"column":0},"end":{"line":32,"column":57}},"32":{"start":{"line":33,"column":0},"end":{"line":33,"column":26}},"33":{"start":{"line":34,"column":0},"end":{"line":34,"column":31}},"34":{"start":{"line":35,"column":0},"end":{"line":35,"column":52}},"35":{"start":{"line":36,"column":0},"end":{"line":36,"column":78}},"36":{"start":{"line":37,"column":0},"end":{"line":37,"column":12}},"37":{"start":{"line":38,"column":0},"end":{"line":38,"column":31}},"38":{"start":{"line":39,"column":0},"end":{"line":39,"column":59}},"39":{"start":{"line":40,"column":0},"end":{"line":40,"column":59}},"40":{"start":{"line":41,"column":0},"end":{"line":41,"column":59}},"41":{"start":{"line":42,"column":0},"end":{"line":42,"column":59}},"42":{"start":{"line":43,"column":0},"end":{"line":43,"column":59}},"43":{"start":{"line":44,"column":0},"end":{"line":44,"column":59}},"44":{"start":{"line":45,"column":0},"end":{"line":45,"column":59}},"45":{"start":{"line":46,"column":0},"end":{"line":46,"column":59}},"46":{"start":{"line":47,"column":0},"end":{"line":47,"column":59}},"47":{"start":{"line":48,"column":0},"end":{"line":48,"column":59}},"48":{"start":{"line":49,"column":0},"end":{"line":49,"column":59}},"49":{"start":{"line":50,"column":0},"end":{"line":50,"column":59}},"50":{"start":{"line":51,"column":0},"end":{"line":51,"column":59}},"51":{"start":{"line":52,"column":0},"end":{"line":52,"column":59}},"52":{"start":{"line":53,"column":0},"end":{"line":53,"column":59}},"53":{"start":{"line":54,"column":0},"end":{"line":54,"column":48}},"54":{"start":{"line":55,"column":0},"end":{"line":55,"column":52}},"55":{"start":{"line":56,"column":0},"end":{"line":56,"column":12}},"56":{"start":{"line":57,"column":0},"end":{"line":57,"column":10}},"58":{"start":{"line":59,"column":0},"end":{"line":59,"column":1}},"60":{"start":{"line":61,"column":0},"end":{"line":61,"column":19}}},"s":{"0":1,"1":1,"3":38,"5":38,"6":38,"9":38,"10":26,"11":26,"14":38,"15":1,"16":1,"17":1,"20":38,"21":2,"23":2,"24":2,"25":1,"26":1,"27":1,"28":2,"30":38,"31":38,"32":38,"33":38,"34":38,"35":38,"36":38,"37":38,"38":38,"39":38,"40":38,"41":38,"42":38,"43":38,"44":38,"45":38,"46":38,"47":38,"48":38,"49":38,"50":38,"51":38,"52":38,"53":38,"54":38,"55":38,"56":38,"58":38,"60":1},"branchMap":{"0":{"type":"branch","line":4,"loc":{"start":{"line":4,"column":0},"end":{"line":59,"column":1}},"locations":[{"start":{"line":4,"column":0},"end":{"line":59,"column":1}}]},"1":{"type":"branch","line":36,"loc":{"start":{"line":36,"column":47},"end":{"line":36,"column":72}},"locations":[{"start":{"line":36,"column":47},"end":{"line":36,"column":72}}]},"2":{"type":"branch","line":10,"loc":{"start":{"line":10,"column":22},"end":{"line":12,"column":4}},"locations":[{"start":{"line":10,"column":22},"end":{"line":12,"column":4}}]},"3":{"type":"branch","line":15,"loc":{"start":{"line":15,"column":22},"end":{"line":18,"column":4}},"locations":[{"start":{"line":15,"column":22},"end":{"line":18,"column":4}}]},"4":{"type":"branch","line":21,"loc":{"start":{"line":21,"column":26},"end":{"line":29,"column":4}},"locations":[{"start":{"line":21,"column":26},"end":{"line":29,"column":4}}]},"5":{"type":"branch","line":25,"loc":{"start":{"line":25,"column":4},"end":{"line":28,"column":5}},"locations":[{"start":{"line":25,"column":4},"end":{"line":28,"column":5}}]},"6":{"type":"branch","line":39,"loc":{"start":{"line":39,"column":25},"end":{"line":39,"column":49}},"locations":[{"start":{"line":39,"column":25},"end":{"line":39,"column":49}}]},"7":{"type":"branch","line":40,"loc":{"start":{"line":40,"column":25},"end":{"line":40,"column":49}},"locations":[{"start":{"line":40,"column":25},"end":{"line":40,"column":49}}]},"8":{"type":"branch","line":41,"loc":{"start":{"line":41,"column":25},"end":{"line":41,"column":49}},"locations":[{"start":{"line":41,"column":25},"end":{"line":41,"column":49}}]},"9":{"type":"branch","line":42,"loc":{"start":{"line":42,"column":25},"end":{"line":42,"column":49}},"locations":[{"start":{"line":42,"column":25},"end":{"line":42,"column":49}}]},"10":{"type":"branch","line":43,"loc":{"start":{"line":43,"column":25},"end":{"line":43,"column":49}},"locations":[{"start":{"line":43,"column":25},"end":{"line":43,"column":49}}]},"11":{"type":"branch","line":44,"loc":{"start":{"line":44,"column":25},"end":{"line":44,"column":49}},"locations":[{"start":{"line":44,"column":25},"end":{"line":44,"column":49}}]},"12":{"type":"branch","line":45,"loc":{"start":{"line":45,"column":25},"end":{"line":45,"column":49}},"locations":[{"start":{"line":45,"column":25},"end":{"line":45,"column":49}}]},"13":{"type":"branch","line":46,"loc":{"start":{"line":46,"column":25},"end":{"line":46,"column":49}},"locations":[{"start":{"line":46,"column":25},"end":{"line":46,"column":49}}]},"14":{"type":"branch","line":47,"loc":{"start":{"line":47,"column":25},"end":{"line":47,"column":49}},"locations":[{"start":{"line":47,"column":25},"end":{"line":47,"column":49}}]},"15":{"type":"branch","line":48,"loc":{"start":{"line":48,"column":25},"end":{"line":48,"column":49}},"locations":[{"start":{"line":48,"column":25},"end":{"line":48,"column":49}}]},"16":{"type":"branch","line":49,"loc":{"start":{"line":49,"column":25},"end":{"line":49,"column":49}},"locations":[{"start":{"line":49,"column":25},"end":{"line":49,"column":49}}]},"17":{"type":"branch","line":50,"loc":{"start":{"line":50,"column":25},"end":{"line":50,"column":49}},"locations":[{"start":{"line":50,"column":25},"end":{"line":50,"column":49}}]},"18":{"type":"branch","line":51,"loc":{"start":{"line":51,"column":25},"end":{"line":51,"column":49}},"locations":[{"start":{"line":51,"column":25},"end":{"line":51,"column":49}}]},"19":{"type":"branch","line":52,"loc":{"start":{"line":52,"column":25},"end":{"line":52,"column":49}},"locations":[{"start":{"line":52,"column":25},"end":{"line":52,"column":49}}]},"20":{"type":"branch","line":53,"loc":{"start":{"line":53,"column":25},"end":{"line":53,"column":49}},"locations":[{"start":{"line":53,"column":25},"end":{"line":53,"column":49}}]}},"b":{"0":[38],"1":[2],"2":[26],"3":[1],"4":[2],"5":[1],"6":[8],"7":[1],"8":[1],"9":[5],"10":[1],"11":[1],"12":[1],"13":[1],"14":[1],"15":[1],"16":[1],"17":[1],"18":[1],"19":[1],"20":[1]},"fnMap":{"0":{"name":"App","decl":{"start":{"line":4,"column":0},"end":{"line":59,"column":1}},"loc":{"start":{"line":4,"column":0},"end":{"line":59,"column":1}},"line":4},"1":{"name":"handleClick","decl":{"start":{"line":10,"column":22},"end":{"line":12,"column":4}},"loc":{"start":{"line":10,"column":22},"end":{"line":12,"column":4}},"line":10},"2":{"name":"handleClear","decl":{"start":{"line":15,"column":22},"end":{"line":18,"column":4}},"loc":{"start":{"line":15,"column":22},"end":{"line":18,"column":4}},"line":15},"3":{"name":"handleCalculate","decl":{"start":{"line":21,"column":26},"end":{"line":29,"column":4}},"loc":{"start":{"line":21,"column":26},"end":{"line":29,"column":4}},"line":21},"4":{"name":"onClick","decl":{"start":{"line":39,"column":25},"end":{"line":39,"column":49}},"loc":{"start":{"line":39,"column":25},"end":{"line":39,"column":49}},"line":39},"5":{"name":"onClick","decl":{"start":{"line":40,"column":25},"end":{"line":40,"column":49}},"loc":{"start":{"line":40,"column":25},"end":{"line":40,"column":49}},"line":40},"6":{"name":"onClick","decl":{"start":{"line":41,"column":25},"end":{"line":41,"column":49}},"loc":{"start":{"line":41,"column":25},"end":{"line":41,"column":49}},"line":41},"7":{"name":"onClick","decl":{"start":{"line":42,"column":25},"end":{"line":42,"column":49}},"loc":{"start":{"line":42,"column":25},"end":{"line":42,"column":49}},"line":42},"8":{"name":"onClick","decl":{"start":{"line":43,"column":25},"end":{"line":43,"column":49}},"loc":{"start":{"line":43,"column":25},"end":{"line":43,"column":49}},"line":43},"9":{"name":"onClick","decl":{"start":{"line":44,"column":25},"end":{"line":44,"column":49}},"loc":{"start":{"line":44,"column":25},"end":{"line":44,"column":49}},"line":44},"10":{"name":"onClick","decl":{"start":{"line":45,"column":25},"end":{"line":45,"column":49}},"loc":{"start":{"line":45,"column":25},"end":{"line":45,"column":49}},"line":45},"11":{"name":"onClick","decl":{"start":{"line":46,"column":25},"end":{"line":46,"column":49}},"loc":{"start":{"line":46,"column":25},"end":{"line":46,"column":49}},"line":46},"12":{"name":"onClick","decl":{"start":{"line":47,"column":25},"end":{"line":47,"column":49}},"loc":{"start":{"line":47,"column":25},"end":{"line":47,"column":49}},"line":47},"13":{"name":"onClick","decl":{"start":{"line":48,"column":25},"end":{"line":48,"column":49}},"loc":{"start":{"line":48,"column":25},"end":{"line":48,"column":49}},"line":48},"14":{"name":"onClick","decl":{"start":{"line":49,"column":25},"end":{"line":49,"column":49}},"loc":{"start":{"line":49,"column":25},"end":{"line":49,"column":49}},"line":49},"15":{"name":"onClick","decl":{"start":{"line":50,"column":25},"end":{"line":50,"column":49}},"loc":{"start":{"line":50,"column":25},"end":{"line":50,"column":49}},"line":50},"16":{"name":"onClick","decl":{"start":{"line":51,"column":25},"end":{"line":51,"column":49}},"loc":{"start":{"line":51,"column":25},"end":{"line":51,"column":49}},"line":51},"17":{"name":"onClick","decl":{"start":{"line":52,"column":25},"end":{"line":52,"column":49}},"loc":{"start":{"line":52,"column":25},"end":{"line":52,"column":49}},"line":52},"18":{"name":"onClick","decl":{"start":{"line":53,"column":25},"end":{"line":53,"column":49}},"loc":{"start":{"line":53,"column":25},"end":{"line":53,"column":49}},"line":53}},"f":{"0":38,"1":26,"2":1,"3":2,"4":8,"5":1,"6":1,"7":5,"8":1,"9":1,"10":1,"11":1,"12":1,"13":1,"14":1,"15":1,"16":1,"17":1,"18":1}}
}
